<?xml version="1.0" encoding="utf-8"?><testsuites><testsuite name="pytest" errors="0" failures="0" skipped="0" tests="3" time="0.580" timestamp="2023-01-15T12:27:45.072215" hostname="BF-202204041303"><testcase classname="test_api.Test_qualityPlatform" name="test1[test1case0]" time="0.420" /><testcase classname="test_api.Test_qualityPlatform" name="test1[test1case1]" time="0.023" /><testcase classname="test_api.Test_qualityPlatform" name="test1[test1case2]" time="0.024" /></testsuite></testsuites>