<?xml version="1.0" encoding="utf-8"?><testsuites><testsuite name="pytest" errors="1" failures="0" skipped="0" tests="1" time="0.182" timestamp="2023-01-15T11:54:00.208203" hostname="BF-202204041303"><testcase classname="" name="test_api" time="0.000"><error message="collection failure">ImportError while importing test module 'C:\Users\Administrator\Desktop\pytestcjw\pytestlearnabv\test_api.py'.
Hint: make sure your test modules/packages have valid Python names.
Traceback:
D:\python\lib\importlib\__init__.py:126: in import_module
    return _bootstrap._gcd_import(name[level:], package, level)
test_api.py:5: in &lt;module&gt;
    from pytestlearn.requests_util import RequestsUtil
E   ModuleNotFoundError: No module named 'pytestlearn'</error></testcase></testsuite></testsuites>